TN:
SF:/usr/include/c++/12/bits/move.h
DA:204,0
DA:205,0
DA:206,0
end_of_record
SF:/usr/include/c++/12/bits/new_allocator.h
FN:112,_ZNSt15__new_allocatorIPNSt8__detail15_Hash_node_baseEE8allocateEmPKv
FNDA:6,_ZNSt15__new_allocatorIPNSt8__detail15_Hash_node_baseEE8allocateEmPKv
FN:112,_ZNSt15__new_allocatorISt13_Rb_tree_nodeIiEE8allocateEmPKv
FNDA:26,_ZNSt15__new_allocatorISt13_Rb_tree_nodeIiEE8allocateEmPKv
FN:112,_ZNSt15__new_allocatorINSt8__detail10_Hash_nodeISt4pairIKiiELb0EEEE8allocateEmPKv
FNDA:8,_ZNSt15__new_allocatorINSt8__detail10_Hash_nodeISt4pairIKiiELb0EEEE8allocateEmPKv
FN:112,_ZNSt15__new_allocatorIiE8allocateEmPKv
FNDA:36,_ZNSt15__new_allocatorIiE8allocateEmPKv
FN:142,_ZNSt15__new_allocatorINSt8__detail10_Hash_nodeISt4pairIKiiELb0EEEE10deallocateEPS5_m
FNDA:8,_ZNSt15__new_allocatorINSt8__detail10_Hash_nodeISt4pairIKiiELb0EEEE10deallocateEPS5_m
FN:142,_ZNSt15__new_allocatorIPNSt8__detail15_Hash_node_baseEE10deallocateEPS2_m
FNDA:6,_ZNSt15__new_allocatorIPNSt8__detail15_Hash_node_baseEE10deallocateEPS2_m
FN:142,_ZNSt15__new_allocatorISt13_Rb_tree_nodeIiEE10deallocateEPS1_m
FNDA:26,_ZNSt15__new_allocatorISt13_Rb_tree_nodeIiEE10deallocateEPS1_m
FN:142,_ZNSt15__new_allocatorIiE10deallocateEPim
FNDA:20,_ZNSt15__new_allocatorIiE10deallocateEPim
DA:112,6
DA:120,6
DA:124,0
DA:125,0
DA:126,0
DA:137,6
DA:112,26
DA:120,26
DA:124,0
DA:125,0
DA:126,0
DA:137,26
DA:112,8
DA:120,8
DA:124,0
DA:125,0
DA:126,0
DA:137,8
DA:112,36
DA:120,36
DA:124,0
DA:125,0
DA:126,0
DA:137,36
DA:142,8
DA:158,8
DA:142,6
DA:158,6
DA:142,26
DA:158,26
DA:142,20
DA:158,20
end_of_record
SF:/usr/include/c++/12/bits/vector.tcc
FN:439,_ZNSt6vectorIiSaIiEE17_M_realloc_insertIJRKiEEEvN9__gnu_cxx17__normal_iteratorIPiS1_EEDpOT_
FNDA:30,_ZNSt6vectorIiSaIiEE17_M_realloc_insertIJRKiEEEvN9__gnu_cxx17__normal_iteratorIPiS1_EEDpOT_
DA:439,30
DA:449,30
DA:450,30
DA:451,30
DA:462,30
DA:463,30
DA:477,30
DA:513,30
DA:514,30
DA:515,30
DA:516,30
DA:517,30
DA:518,30
end_of_record
SF:/usr/include/c++/12/bits/stl_pair.h
DA:281,26
end_of_record
SF:/usr/include/c++/12/bits/stl_vector.h
FN:673,_ZNSt6vectorIiSaIiEEC2ESt16initializer_listIiERKS0_
FNDA:6,_ZNSt6vectorIiSaIiEEC2ESt16initializer_listIiERKS0_
FN:1276,_ZNSt6vectorIiSaIiEE9push_backERKi
FNDA:36,_ZNSt6vectorIiSaIiEE9push_backERKi
FN:1682,_ZNSt6vectorIiSaIiEE19_M_range_initializeIPKiEEvT_S5_St20forward_iterator_tag
FNDA:6,_ZNSt6vectorIiSaIiEE19_M_range_initializeIPKiEEvT_S5_St20forward_iterator_tag
FN:1891,_ZNKSt6vectorIiSaIiEE12_M_check_lenEmPKc
FNDA:30,_ZNKSt6vectorIiSaIiEE12_M_check_lenEmPKc
DA:99,6
DA:100,6
DA:106,6
DA:107,6
DA:299,30
DA:366,0
DA:367,0
DA:368,0
DA:378,36
DA:386,30
DA:387,0
DA:526,0
DA:673,6
DA:677,6
DA:679,6
DA:730,0
DA:733,6
DA:988,20
DA:1124,42
DA:1276,36
DA:1278,36
DA:1283,6
DA:1287,30
DA:1288,36
DA:1682,6
DA:1685,6
DA:1687,6
DA:1688,6
DA:1689,6
DA:1693,6
DA:1891,30
DA:1893,30
DA:1894,0
DA:1896,30
DA:1897,30
DA:1904,6
DA:1905,0
end_of_record
SF:/usr/include/c++/12/iostream
end_of_record
SF:/usr/include/c++/12/bits/stl_iterator_base_funcs.h
DA:104,6
end_of_record
SF:/usr/include/c++/12/bits/allocator.h
DA:183,76
DA:195,60
end_of_record
SF:/usr/include/c++/12/bits/stl_construct.h
DA:97,62
end_of_record
SF:/home/brian/cpp/cpp_cmake_google_test/sources/Solution.cpp
FN:10,_ZN8SolutionC2Ev
FNDA:26,_ZN8SolutionC2Ev
FN:13,_ZN8SolutionD2Ev
FNDA:26,_ZN8SolutionD2Ev
FN:16,_ZN8Solution10runningSumERSt6vectorIiSaIiEE
FNDA:6,_ZN8Solution10runningSumERSt6vectorIiSaIiEE
FN:26,_ZN8Solution10pivotIndexERSt6vectorIiSaIiEE
FNDA:6,_ZN8Solution10pivotIndexERSt6vectorIiSaIiEE
FN:49,_Z7getNexti
FNDA:26,_Z7getNexti
FN:59,_ZN8Solution7isHappyEi
FNDA:4,_ZN8Solution7isHappyEi
FN:68,_ZN8Solution6twoSumERSt6vectorIiSaIiEEi
FNDA:6,_ZN8Solution6twoSumERSt6vectorIiSaIiEEi
FN:81,_ZN8Solution13answerQueriesERSt6vectorIiSaIiEES3_
FNDA:4,_ZN8Solution13answerQueriesERSt6vectorIiSaIiEES3_
DA:10,26
DA:11,26
DA:13,26
DA:14,26
DA:16,6
DA:17,6
DA:18,6
DA:19,34
DA:20,28
DA:21,28
DA:23,6
DA:26,6
DA:27,6
DA:28,6
DA:33,24
DA:34,18
DA:36,6
DA:39,12
DA:40,10
DA:41,10
DA:42,10
DA:43,2
DA:49,26
DA:51,78
DA:52,52
DA:53,52
DA:54,52
DA:56,26
DA:59,4
DA:61,58
DA:63,26
DA:65,4
DA:68,6
DA:70,14
DA:71,14
DA:72,6
DA:73,6
DA:76,8
DA:78,0
DA:81,4
DA:83,4
DA:87,4
DA:88,12
DA:89,8
DA:90,26
DA:91,24
DA:92,18
DA:93,18
DA:98,8
DA:101,4
end_of_record
SF:/usr/include/c++/12/bits/stl_algo.h
FN:82,_ZSt22__move_median_to_firstIN9__gnu_cxx17__normal_iteratorIPiSt6vectorIiSaIiEEEENS0_5__ops15_Iter_less_iterEEvT_S9_S9_S9_T0_
FNDA:0,_ZSt22__move_median_to_firstIN9__gnu_cxx17__normal_iteratorIPiSt6vectorIiSaIiEEEENS0_5__ops15_Iter_less_iterEEvT_S9_S9_S9_T0_
FN:1625,_ZSt13__heap_selectIN9__gnu_cxx17__normal_iteratorIPiSt6vectorIiSaIiEEEENS0_5__ops15_Iter_less_iterEEvT_S9_S9_T0_
FNDA:0,_ZSt13__heap_selectIN9__gnu_cxx17__normal_iteratorIPiSt6vectorIiSaIiEEEENS0_5__ops15_Iter_less_iterEEvT_S9_S9_T0_
FN:1802,_ZSt16__insertion_sortIN9__gnu_cxx17__normal_iteratorIPiSt6vectorIiSaIiEEEENS0_5__ops15_Iter_less_iterEEvT_S9_T0_
FNDA:10,_ZSt16__insertion_sortIN9__gnu_cxx17__normal_iteratorIPiSt6vectorIiSaIiEEEENS0_5__ops15_Iter_less_iterEEvT_S9_T0_
FN:1844,_ZSt22__final_insertion_sortIN9__gnu_cxx17__normal_iteratorIPiSt6vectorIiSaIiEEEENS0_5__ops15_Iter_less_iterEEvT_S9_T0_
FNDA:10,_ZSt22__final_insertion_sortIN9__gnu_cxx17__normal_iteratorIPiSt6vectorIiSaIiEEEENS0_5__ops15_Iter_less_iterEEvT_S9_T0_
FN:1883,_ZSt27__unguarded_partition_pivotIN9__gnu_cxx17__normal_iteratorIPiSt6vectorIiSaIiEEEENS0_5__ops15_Iter_less_iterEET_S9_S9_T0_
FNDA:0,_ZSt27__unguarded_partition_pivotIN9__gnu_cxx17__normal_iteratorIPiSt6vectorIiSaIiEEEENS0_5__ops15_Iter_less_iterEET_S9_S9_T0_
FN:1908,_ZSt16__introsort_loopIN9__gnu_cxx17__normal_iteratorIPiSt6vectorIiSaIiEEEElNS0_5__ops15_Iter_less_iterEEvT_S9_T0_T1_
FNDA:10,_ZSt16__introsort_loopIN9__gnu_cxx17__normal_iteratorIPiSt6vectorIiSaIiEEEElNS0_5__ops15_Iter_less_iterEEvT_S9_T0_T1_
FN:1932,_ZSt6__sortIN9__gnu_cxx17__normal_iteratorIPiSt6vectorIiSaIiEEEENS0_5__ops15_Iter_less_iterEEvT_S9_T0_
FNDA:10,_ZSt6__sortIN9__gnu_cxx17__normal_iteratorIPiSt6vectorIiSaIiEEEENS0_5__ops15_Iter_less_iterEEvT_S9_T0_
DA:82,0
DA:85,0
DA:87,0
DA:89,0
DA:94,0
DA:96,0
DA:100,0
DA:1625,0
DA:1629,0
DA:1630,0
DA:1631,0
DA:1633,0
DA:1786,0
DA:1789,8
DA:1791,0
DA:1795,8
DA:1802,10
DA:1805,10
DA:1807,28
DA:1809,18
DA:1814,10
DA:1829,0
DA:1844,10
DA:1847,10
DA:1849,0
DA:1854,10
DA:1855,10
DA:1867,0
DA:1870,0
DA:1872,0
DA:1883,0
DA:1886,0
DA:1887,0
DA:1889,0
DA:1900,0
DA:1901,0
DA:1908,10
DA:1912,10
DA:1914,0
DA:1916,0
DA:1917,0
DA:1919,0
DA:1921,0
DA:1922,0
DA:1923,0
DA:1932,10
DA:1935,10
DA:1937,10
DA:1940,10
DA:1942,10
DA:4820,10
end_of_record
SF:/usr/include/c++/12/bits/stl_tree.h
FN:1817,_ZNSt8_Rb_treeIiiSt9_IdentityIiESt4lessIiESaIiEE10_M_insert_IRKiNS5_11_Alloc_nodeEEESt17_Rb_tree_iteratorIiEPSt18_Rb_tree_node_baseSD_OT_RT0_
FNDA:26,_ZNSt8_Rb_treeIiiSt9_IdentityIiESt4lessIiESaIiEE10_M_insert_IRKiNS5_11_Alloc_nodeEEESt17_Rb_tree_iteratorIiEPSt18_Rb_tree_node_baseSD_OT_RT0_
FN:1929,_ZNSt8_Rb_treeIiiSt9_IdentityIiESt4lessIiESaIiEE8_M_eraseEPSt13_Rb_tree_nodeIiE
FNDA:30,_ZNSt8_Rb_treeIiiSt9_IdentityIiESt4lessIiESaIiEE8_M_eraseEPSt13_Rb_tree_nodeIiE
FN:2107,_ZNSt8_Rb_treeIiiSt9_IdentityIiESt4lessIiESaIiEE24_M_get_insert_unique_posERKi
FNDA:26,_ZNSt8_Rb_treeIiiSt9_IdentityIiESt4lessIiESaIiEE24_M_get_insert_unique_posERKi
FN:2161,_ZNSt8_Rb_treeIiiSt9_IdentityIiESt4lessIiESaIiEE16_M_insert_uniqueIRKiEESt4pairISt17_Rb_tree_iteratorIiEbEOT_
FNDA:26,_ZNSt8_Rb_treeIiiSt9_IdentityIiESt4lessIiESaIiEE16_M_insert_uniqueIRKiEESt4pairISt17_Rb_tree_iteratorIiEbEOT_
DA:146,4
DA:174,4
DA:175,4
DA:208,4
DA:209,4
DA:210,4
DA:211,4
DA:302,4
DA:303,4
DA:523,26
DA:524,26
DA:529,26
DA:548,26
DA:624,26
DA:667,4
DA:735,28
DA:750,52
DA:780,46
DA:788,94
DA:984,4
DA:996,8
DA:1817,26
DA:1826,26
DA:1827,48
DA:1832,26
DA:1833,26
DA:1834,26
DA:1835,26
DA:1929,30
DA:1933,56
DA:1935,26
DA:1940,30
DA:1950,88
DA:1951,60
DA:2107,26
DA:2114,80
DA:2118,54
DA:2121,26
DA:2123,8
DA:2124,4
DA:2128,22
DA:2129,22
DA:2130,0
DA:2161,26
DA:2170,26
DA:2172,26
DA:2175,26
DA:2177,26
DA:2180,0
DA:2533,8
DA:2534,28
end_of_record
SF:/usr/include/c++/12/bits/predefined_ops.h
DA:45,18
DA:69,0
DA:98,8
end_of_record
SF:/usr/include/c++/12/bits/unordered_map.h
DA:102,6
DA:869,14
DA:980,8
DA:984,6
end_of_record
SF:/usr/include/c++/12/bits/stl_iterator.h
DA:1073,24
DA:1107,72
DA:1108,72
DA:1121,0
DA:1122,8
DA:1144,20
DA:1154,0
DA:1333,60
end_of_record
SF:/usr/include/c++/12/bits/stl_heap.h
FN:223,_ZSt13__adjust_heapIN9__gnu_cxx17__normal_iteratorIPiSt6vectorIiSaIiEEEEliNS0_5__ops15_Iter_less_iterEEvT_T0_SA_T1_T2_
FNDA:0,_ZSt13__adjust_heapIN9__gnu_cxx17__normal_iteratorIPiSt6vectorIiSaIiEEEEliNS0_5__ops15_Iter_less_iterEEvT_T0_SA_T1_T2_
FN:339,_ZSt11__make_heapIN9__gnu_cxx17__normal_iteratorIPiSt6vectorIiSaIiEEEENS0_5__ops15_Iter_less_iterEEvT_S9_RT0_
FNDA:0,_ZSt11__make_heapIN9__gnu_cxx17__normal_iteratorIPiSt6vectorIiSaIiEEEENS0_5__ops15_Iter_less_iterEEvT_S9_RT0_
FN:418,_ZSt11__sort_heapIN9__gnu_cxx17__normal_iteratorIPiSt6vectorIiSaIiEEEENS0_5__ops15_Iter_less_iterEEvT_S9_RT0_
FNDA:0,_ZSt11__sort_heapIN9__gnu_cxx17__normal_iteratorIPiSt6vectorIiSaIiEEEENS0_5__ops15_Iter_less_iterEEvT_S9_RT0_
DA:138,0
DA:139,0
DA:141,0
DA:143,0
DA:145,0
DA:223,0
DA:228,0
DA:230,0
DA:231,0
DA:234,0
DA:237,0
DA:239,0
DA:240,0
DA:248,0
DA:261,0
DA:262,0
DA:263,0
DA:339,0
DA:347,0
DA:351,0
DA:352,0
DA:354,0
DA:355,0
DA:357,0
DA:359,0
DA:418,0
DA:421,0
DA:426,0
end_of_record
SF:/usr/include/c++/12/compare
DA:1220,0
end_of_record
SF:/usr/include/c++/12/bits/stl_set.h
DA:167,4
DA:281,4
DA:512,26
end_of_record
SF:/usr/include/c++/12/bits/stl_uninitialized.h
DA:1104,30
DA:1105,50
DA:1117,20
DA:1119,30
end_of_record
SF:/usr/include/c++/12/bits/stl_function.h
DA:378,12
DA:408,166
end_of_record
SF:/usr/include/c++/12/bits/stl_algobase.h
DA:259,30
DA:260,10
DA:430,6
DA:431,6
DA:740,10
DA:741,10
DA:742,10
DA:1514,10
end_of_record
SF:/usr/include/c++/12/bits/functional_hash.h
DA:154,24
end_of_record
SF:/usr/include/c++/12/tuple
DA:1814,8
DA:1817,8
DA:1818,8
end_of_record
SF:/usr/include/c++/12/bits/alloc_traits.h
DA:496,20
end_of_record
SF:/usr/include/c++/12/bits/hashtable.h
FN:811,_ZNKSt10_HashtableIiSt4pairIKiiESaIS2_ENSt8__detail10_Select1stESt8equal_toIiESt4hashIiENS4_18_Mod_range_hashingENS4_20_Default_ranged_hashENS4_20_Prime_rehash_policyENS4_17_Hashtable_traitsILb0ELb0ELb1EEEE12_M_find_nodeEmRS1_m
FNDA:22,_ZNKSt10_HashtableIiSt4pairIKiiESaIS2_ENSt8__detail10_Select1stESt8equal_toIiESt4hashIiENS4_18_Mod_range_hashingENS4_20_Default_ranged_hashENS4_20_Prime_rehash_policyENS4_17_Hashtable_traitsILb0ELb0ELb1EEEE12_M_find_nodeEmRS1_m
FN:1569,_ZNSt10_HashtableIiSt4pairIKiiESaIS2_ENSt8__detail10_Select1stESt8equal_toIiESt4hashIiENS4_18_Mod_range_hashingENS4_20_Default_ranged_hashENS4_20_Prime_rehash_policyENS4_17_Hashtable_traitsILb0ELb0ELb1EEEED2Ev
FNDA:6,_ZNSt10_HashtableIiSt4pairIKiiESaIS2_ENSt8__detail10_Select1stESt8equal_toIiESt4hashIiENS4_18_Mod_range_hashingENS4_20_Default_ranged_hashENS4_20_Prime_rehash_policyENS4_17_Hashtable_traitsILb0ELb0ELb1EEEED2Ev
FN:1638,_ZNSt10_HashtableIiSt4pairIKiiESaIS2_ENSt8__detail10_Select1stESt8equal_toIiESt4hashIiENS4_18_Mod_range_hashingENS4_20_Default_ranged_hashENS4_20_Prime_rehash_policyENS4_17_Hashtable_traitsILb0ELb0ELb1EEEE4findERS1_
FNDA:14,_ZNSt10_HashtableIiSt4pairIKiiESaIS2_ENSt8__detail10_Select1stESt8equal_toIiESt4hashIiENS4_18_Mod_range_hashingENS4_20_Default_ranged_hashENS4_20_Prime_rehash_policyENS4_17_Hashtable_traitsILb0ELb0ELb1EEEE4findERS1_
FN:1981,_ZNSt10_HashtableIiSt4pairIKiiESaIS2_ENSt8__detail10_Select1stESt8equal_toIiESt4hashIiENS4_18_Mod_range_hashingENS4_20_Default_ranged_hashENS4_20_Prime_rehash_policyENS4_17_Hashtable_traitsILb0ELb0ELb1EEEE22_M_insert_bucket_beginEmPNS4_10_Hash_nodeIS2_Lb0EEE
FNDA:8,_ZNSt10_HashtableIiSt4pairIKiiESaIS2_ENSt8__detail10_Select1stESt8equal_toIiESt4hashIiENS4_18_Mod_range_hashingENS4_20_Default_ranged_hashENS4_20_Prime_rehash_policyENS4_17_Hashtable_traitsILb0ELb0ELb1EEEE22_M_insert_bucket_beginEmPNS4_10_Hash_nodeIS2_Lb0EEE
FN:2140,_ZNSt10_HashtableIiSt4pairIKiiESaIS2_ENSt8__detail10_Select1stESt8equal_toIiESt4hashIiENS4_18_Mod_range_hashingENS4_20_Default_ranged_hashENS4_20_Prime_rehash_policyENS4_17_Hashtable_traitsILb0ELb0ELb1EEEE21_M_insert_unique_nodeEmmPNS4_10_Hash_nodeIS2_Lb0EEEm
FNDA:8,_ZNSt10_HashtableIiSt4pairIKiiESaIS2_ENSt8__detail10_Select1stESt8equal_toIiESt4hashIiENS4_18_Mod_range_hashingENS4_20_Default_ranged_hashENS4_20_Prime_rehash_policyENS4_17_Hashtable_traitsILb0ELb0ELb1EEEE21_M_insert_unique_nodeEmmPNS4_10_Hash_nodeIS2_Lb0EEEm
FN:2494,_ZNSt10_HashtableIiSt4pairIKiiESaIS2_ENSt8__detail10_Select1stESt8equal_toIiESt4hashIiENS4_18_Mod_range_hashingENS4_20_Default_ranged_hashENS4_20_Prime_rehash_policyENS4_17_Hashtable_traitsILb0ELb0ELb1EEEE5clearEv
FNDA:6,_ZNSt10_HashtableIiSt4pairIKiiESaIS2_ENSt8__detail10_Select1stESt8equal_toIiESt4hashIiENS4_18_Mod_range_hashingENS4_20_Default_ranged_hashENS4_20_Prime_rehash_policyENS4_17_Hashtable_traitsILb0ELb0ELb1EEEE5clearEv
FN:2533,_ZNSt10_HashtableIiSt4pairIKiiESaIS2_ENSt8__detail10_Select1stESt8equal_toIiESt4hashIiENS4_18_Mod_range_hashingENS4_20_Default_ranged_hashENS4_20_Prime_rehash_policyENS4_17_Hashtable_traitsILb0ELb0ELb1EEEE9_M_rehashEmRKm
FNDA:6,_ZNSt10_HashtableIiSt4pairIKiiESaIS2_ENSt8__detail10_Select1stESt8equal_toIiESt4hashIiENS4_18_Mod_range_hashingENS4_20_Default_ranged_hashENS4_20_Prime_rehash_policyENS4_17_Hashtable_traitsILb0ELb0ELb1EEEE9_M_rehashEmRKm
FN:2556,_ZNSt10_HashtableIiSt4pairIKiiESaIS2_ENSt8__detail10_Select1stESt8equal_toIiESt4hashIiENS4_18_Mod_range_hashingENS4_20_Default_ranged_hashENS4_20_Prime_rehash_policyENS4_17_Hashtable_traitsILb0ELb0ELb1EEEE13_M_rehash_auxEmSt17integral_constantIbLb1EE
FNDA:6,_ZNSt10_HashtableIiSt4pairIKiiESaIS2_ENSt8__detail10_Select1stESt8equal_toIiESt4hashIiENS4_18_Mod_range_hashingENS4_20_Default_ranged_hashENS4_20_Prime_rehash_policyENS4_17_Hashtable_traitsILb0ELb0ELb1EEEE13_M_rehash_auxEmSt17integral_constantIbLb1EE
DA:310,8
DA:416,12
DA:435,6
DA:437,0
DA:438,0
DA:441,6
DA:447,12
DA:455,12
DA:464,18
DA:529,6
DA:631,6
DA:647,14
DA:792,2
DA:796,28
DA:811,22
DA:815,12
DA:816,12
DA:1569,6
DA:1582,6
DA:1584,6
DA:1638,14
DA:1643,14
DA:1645,6
DA:1646,0
DA:1647,0
DA:1653,8
DA:1928,22
DA:1929,22
DA:1932,12
DA:1938,0
DA:1981,8
DA:1985,8
DA:1989,0
DA:1990,0
DA:1997,8
DA:1998,8
DA:2000,8
DA:2003,2
DA:2005,8
DA:2007,8
DA:2140,8
DA:2146,8
DA:2148,8
DA:2151,8
DA:2153,6
DA:2160,8
DA:2161,8
DA:2162,8
DA:2494,6
DA:2499,6
DA:2500,6
DA:2501,6
DA:2502,6
DA:2503,6
DA:2533,6
DA:2539,6
DA:2541,0
DA:2545,0
DA:2546,0
DA:2548,6
DA:2556,6
DA:2562,6
DA:2564,6
DA:2569,0
DA:2571,0
DA:2572,0
DA:2573,0
DA:2574,0
DA:2575,0
DA:2580,0
DA:2581,0
DA:2588,6
DA:2589,6
DA:2590,6
end_of_record
SF:/usr/include/c++/12/bits/hashtable_policy.h
FN:765,_ZNSt8__detail9_Map_baseIiSt4pairIKiiESaIS3_ENS_10_Select1stESt8equal_toIiESt4hashIiENS_18_Mod_range_hashingENS_20_Default_ranged_hashENS_20_Prime_rehash_policyENS_17_Hashtable_traitsILb0ELb0ELb1EEELb1EEixERS2_
FNDA:8,_ZNSt8__detail9_Map_baseIiSt4pairIKiiESaIS3_ENS_10_Select1stESt8equal_toIiESt4hashIiENS_18_Mod_range_hashingENS_20_Default_ranged_hashENS_20_Prime_rehash_policyENS_17_Hashtable_traitsILb0ELb0ELb1EEELb1EEixERS2_
FN:792,_ZNSt8__detail9_Map_baseIiSt4pairIKiiESaIS3_ENS_10_Select1stESt8equal_toIiESt4hashIiENS_18_Mod_range_hashingENS_20_Default_ranged_hashENS_20_Prime_rehash_policyENS_17_Hashtable_traitsILb0ELb0ELb1EEELb1EEixEOi
FNDA:6,_ZNSt8__detail9_Map_baseIiSt4pairIKiiESaIS3_ENS_10_Select1stESt8equal_toIiESt4hashIiENS_18_Mod_range_hashingENS_20_Default_ranged_hashENS_20_Prime_rehash_policyENS_17_Hashtable_traitsILb0ELb0ELb1EEELb1EEixEOi
FN:2010,_ZNSt8__detail16_Hashtable_allocISaINS_10_Hash_nodeISt4pairIKiiELb0EEEEE19_M_allocate_bucketsEm
FNDA:6,_ZNSt8__detail16_Hashtable_allocISaINS_10_Hash_nodeISt4pairIKiiELb0EEEEE19_M_allocate_bucketsEm
DA:275,8
DA:339,8
DA:403,8
DA:409,0
DA:486,16
DA:503,6
DA:530,8
DA:538,0
DA:765,8
DA:773,8
DA:774,0
DA:783,8
DA:785,8
DA:792,6
DA:800,6
DA:801,6
DA:810,0
DA:812,0
DA:1268,24
DA:1705,12
DA:1984,8
DA:1992,8
DA:2000,14
DA:2010,6
DA:2017,6
DA:2018,6
DA:2031,6
end_of_record
SF:/usr/include/c++/12/initializer_list
DA:71,6
DA:79,6
end_of_record
