TN:
SF:/usr/include/c++/11/bits/stl_iterator.h
DA:1011,3
DA:1037,14
DA:1038,14
DA:1237,11
end_of_record
SF:/usr/include/c++/11/ext/new_allocator.h
FN:103,_ZN9__gnu_cxx13new_allocatorISt13_Rb_tree_nodeIiEE8allocateEmPKv
FNDA:13,_ZN9__gnu_cxx13new_allocatorISt13_Rb_tree_nodeIiEE8allocateEmPKv
FN:103,_ZN9__gnu_cxx13new_allocatorIiE8allocateEmPKv
FNDA:11,_ZN9__gnu_cxx13new_allocatorIiE8allocateEmPKv
DA:103,13
DA:111,13
DA:115,0
DA:116,0
DA:117,0
DA:127,13
DA:103,11
DA:111,11
DA:115,0
DA:116,0
DA:117,0
DA:127,11
DA:145,21
DA:162,27
end_of_record
SF:/usr/include/c++/11/iostream
end_of_record
SF:/usr/include/c++/11/bits/stl_tree.h
FN:1771,_ZNSt8_Rb_treeIiiSt9_IdentityIiESt4lessIiESaIiEE10_M_insert_IRKiNS5_11_Alloc_nodeEEESt17_Rb_tree_iteratorIiEPSt18_Rb_tree_node_baseSD_OT_RT0_
FNDA:13,_ZNSt8_Rb_treeIiiSt9_IdentityIiESt4lessIiESaIiEE10_M_insert_IRKiNS5_11_Alloc_nodeEEESt17_Rb_tree_iteratorIiEPSt18_Rb_tree_node_baseSD_OT_RT0_
FN:1883,_ZNSt8_Rb_treeIiiSt9_IdentityIiESt4lessIiESaIiEE8_M_eraseEPSt13_Rb_tree_nodeIiE
FNDA:15,_ZNSt8_Rb_treeIiiSt9_IdentityIiESt4lessIiESaIiEE8_M_eraseEPSt13_Rb_tree_nodeIiE
FN:2061,_ZNSt8_Rb_treeIiiSt9_IdentityIiESt4lessIiESaIiEE24_M_get_insert_unique_posERKi
FNDA:13,_ZNSt8_Rb_treeIiiSt9_IdentityIiESt4lessIiESaIiEE24_M_get_insert_unique_posERKi
FN:2115,_ZNSt8_Rb_treeIiiSt9_IdentityIiESt4lessIiESaIiEE16_M_insert_uniqueIRKiEESt4pairISt17_Rb_tree_iteratorIiEbEOT_
FNDA:13,_ZNSt8_Rb_treeIiiSt9_IdentityIiESt4lessIiESaIiEE16_M_insert_uniqueIRKiEESt4pairISt17_Rb_tree_iteratorIiEbEOT_
DA:146,2
DA:174,2
DA:175,2
DA:208,2
DA:209,2
DA:210,2
DA:211,2
DA:302,2
DA:303,2
DA:523,13
DA:524,13
DA:529,13
DA:548,13
DA:624,13
DA:667,2
DA:735,14
DA:750,26
DA:780,23
DA:788,47
DA:984,2
DA:996,4
DA:1771,13
DA:1780,13
DA:1781,24
DA:1786,13
DA:1787,13
DA:1788,13
DA:1789,13
DA:1883,15
DA:1887,28
DA:1889,13
DA:1894,15
DA:1904,44
DA:1905,30
DA:2061,13
DA:2068,40
DA:2072,27
DA:2075,13
DA:2077,4
DA:2078,2
DA:2082,11
DA:2083,11
DA:2084,0
DA:2115,13
DA:2124,13
DA:2126,13
DA:2129,13
DA:2131,13
DA:2134,0
DA:2525,4
DA:2526,14
end_of_record
SF:/home/brian/repos/cpp_cmake_google_test/sources/Solution.cpp
FN:8,_ZN8SolutionC2Ev
FNDA:8,_ZN8SolutionC2Ev
FN:11,_ZN8SolutionD2Ev
FNDA:8,_ZN8SolutionD2Ev
FN:14,_ZN8Solution10runningSumERSt6vectorIiSaIiEE
FNDA:3,_ZN8Solution10runningSumERSt6vectorIiSaIiEE
FN:24,_ZN8Solution10pivotIndexERSt6vectorIiSaIiEE
FNDA:3,_ZN8Solution10pivotIndexERSt6vectorIiSaIiEE
FN:47,_Z7getNexti
FNDA:13,_Z7getNexti
FN:57,_ZN8Solution7isHappyEi
FNDA:2,_ZN8Solution7isHappyEi
DA:8,8
DA:9,8
DA:11,8
DA:12,8
DA:14,3
DA:16,3
DA:17,17
DA:18,14
DA:19,14
DA:21,3
DA:24,3
DA:25,3
DA:26,3
DA:31,12
DA:32,9
DA:34,3
DA:37,6
DA:38,5
DA:39,5
DA:40,5
DA:41,1
DA:47,13
DA:49,39
DA:50,26
DA:51,26
DA:52,26
DA:54,13
DA:57,2
DA:59,29
DA:61,13
DA:63,2
end_of_record
SF:/usr/include/c++/11/bits/stl_function.h
DA:400,83
end_of_record
SF:/usr/include/c++/11/bits/stl_vector.h
FN:1187,_ZNSt6vectorIiSaIiEE9push_backERKi
FNDA:14,_ZNSt6vectorIiSaIiEE9push_backERKi
FN:1756,_ZNKSt6vectorIiSaIiEE12_M_check_lenEmPKc
FNDA:11,_ZNKSt6vectorIiSaIiEE12_M_check_lenEmPKc
DA:98,3
DA:336,0
DA:346,11
DA:353,11
DA:680,0
DA:919,3
DA:1046,14
DA:1187,14
DA:1189,14
DA:1194,3
DA:1198,11
DA:1199,14
DA:1756,11
DA:1758,11
DA:1759,0
DA:1761,11
DA:1762,11
end_of_record
SF:/usr/include/c++/11/bits/stl_pair.h
DA:353,13
end_of_record
SF:/usr/include/c++/11/bits/stl_algobase.h
DA:259,11
DA:260,3
end_of_record
SF:/usr/include/c++/11/bits/vector.tcc
FN:426,_ZNSt6vectorIiSaIiEE17_M_realloc_insertIJRKiEEEvN9__gnu_cxx17__normal_iteratorIPiS1_EEDpOT_
FNDA:11,_ZNSt6vectorIiSaIiEE17_M_realloc_insertIJRKiEEEvN9__gnu_cxx17__normal_iteratorIPiS1_EEDpOT_
DA:426,11
DA:436,11
DA:437,11
DA:438,11
DA:449,11
DA:450,11
DA:464,11
DA:501,11
DA:502,11
DA:503,11
DA:504,11
DA:505,11
end_of_record
SF:/usr/include/c++/11/bits/stl_uninitialized.h
DA:1009,11
DA:1010,19
DA:1011,8
DA:1012,11
end_of_record
SF:/usr/include/c++/11/bits/alloc_traits.h
DA:464,24
DA:496,8
end_of_record
SF:/usr/include/c++/11/bits/stl_set.h
DA:167,2
DA:281,2
DA:512,13
end_of_record
